<?xml version="1.0" encoding="UTF-8"?>
<!-- Generated by org.testng.reporters.JUnitReportReporter -->
<testsuite hostname="LAP00181" failures="0" tests="1" name="testcases.LoginFB" time="0.470" errors="0" timestamp="2023-02-01T08:01:34 IST" skipped="0">
  <testcase classname="testcases.LoginFB" name="openFBLoginPage" time="0.470"/>
  <system-out/>
</testsuite> <!-- testcases.LoginFB -->
