<?xml version="1.0" encoding="UTF-8"?>
<!-- Generated by org.testng.reporters.JUnitReportReporter -->
<testsuite hostname="LAP00181" failures="0" tests="1" name="testcases.IndexPageTest" time="4.100" errors="0" timestamp="2023-01-30T17:45:56 IST" skipped="0">
  <testcase classname="testcases.IndexPageTest" name="verifyTitle" time="4.100"/>
  <system-out/>
</testsuite> <!-- testcases.IndexPageTest -->
